#
# There is insufficient memory for the Java Runtime Environment to continue.
# Native memory allocation (malloc) failed to allocate 162896 bytes for Chunk::new
# Possible reasons:
#   The system is out of physical RAM or swap space
#   The process is running with CompressedOops enabled, and the Java Heap may be blocking the growth of the native heap
# Possible solutions:
#   Reduce memory load on the system
#   Increase physical memory or swap space
#   Check if swap backing store is full
#   Decrease Java heap size (-Xmx/-Xms)
#   Decrease number of Java threads
#   Decrease Java thread stack sizes (-Xss)
#   Set larger code cache with -XX:ReservedCodeCacheSize=
#   JVM is running with Zero Based Compressed Oops mode in which the Java heap is
#     placed in the first 32GB address space. The Java Heap base address is the
#     maximum limit for the native heap growth. Please use -XX:HeapBaseMinAddress
#     to set the Java Heap base and to place the Java Heap above 32GB virtual address.
# This output file may be truncated or incomplete.
#
#  Out of Memory Error (arena.cpp:168), pid=28456, tid=24928
#
# JRE version: Java(TM) SE Runtime Environment (21.0.8+12) (build 21.0.8+12-LTS-250)
# Java VM: Java HotSpot(TM) 64-Bit Server VM (21.0.8+12-LTS-250, mixed mode, sharing, tiered, compressed oops, compressed class ptrs, g1 gc, windows-amd64)
# No core dump will be written. Minidumps are not enabled by default on client versions of Windows
#

---------------  S U M M A R Y ------------

Command Line: -Dclassworlds.conf=C:\apache-maven-3.9.9\bin\m2.conf -Dmaven.home=C:\apache-maven-3.9.9 -Dlibrary.jansi.path=C:\apache-maven-3.9.9\lib\jansi-native -Dmaven.multiModuleProjectDirectory=D:\ProjectJava\EV-Co-ownership-Cost-sharing-System-anh\EV-Co-ownership-Cost-sharing-System-anh\api-gateway org.codehaus.plexus.classworlds.launcher.Launcher clean package -DskipTests

Host: Intel(R) Core(TM) i5-1035G1 CPU @ 1.00GHz, 8 cores, 23G,  Windows 11 , 64 bit Build 26100 (10.0.26100.7309)
Time: Sat Mar 21 21:57:04 2026 SE Asia Standard Time elapsed time: 2.663275 seconds (0d 0h 0m 2s)

---------------  T H R E A D  ---------------

Current thread (0x00000211c89d57a0):  JavaThread "C2 CompilerThread2" daemon [_thread_in_native, id=24928, stack(0x00000074d6f00000,0x00000074d7000000) (1024K)]


Current CompileTask:
C2:   2663 1112       4       java.io.InputStreamReader::read (11 bytes)

Stack: [0x00000074d6f00000,0x00000074d7000000]
Native frames: (J=compiled Java code, j=interpreted, Vv=VM code, C=native code)
V  [jvm.dll+0x6cc179]
V  [jvm.dll+0x8584c1]
V  [jvm.dll+0x85a9ee]
V  [jvm.dll+0x85b0c3]
V  [jvm.dll+0x27ebf6]
V  [jvm.dll+0xc4f4d]
V  [jvm.dll+0xc5483]
V  [jvm.dll+0x3b6a82]
V  [jvm.dll+0x1dffdb]
V  [jvm.dll+0x2477c2]
V  [jvm.dll+0x246c4f]
V  [jvm.dll+0x1c7a3e]
V  [jvm.dll+0x256359]
V  [jvm.dll+0x2548ea]
V  [jvm.dll+0x3efef6]
V  [jvm.dll+0x80279b]
V  [jvm.dll+0x6ca85d]
C  [ucrtbase.dll+0x37b0]
C  [KERNEL32.DLL+0x2e8d7]
C  [ntdll.dll+0x8c53c]


---------------  P R O C E S S  ---------------

Threads class SMR info:
_java_thread_list=0x00000211c8827cc0, length=13, elements={
0x00000211decdf150, 0x00000211825223b0, 0x0000021182526f10, 0x0000021182528030,
0x0000021182528dd0, 0x000002118252ab90, 0x000002118252b5e0, 0x000002118252c490,
0x0000021182768090, 0x00000211828dabe0, 0x00000211828e5d20, 0x00000211c86d9d10,
0x00000211c89d57a0
}

Java Threads: ( => current thread )
  0x00000211decdf150 JavaThread "main"                              [_thread_in_vm, id=5372, stack(0x00000074d5c00000,0x00000074d5d00000) (1024K)]
  0x00000211825223b0 JavaThread "Reference Handler"          daemon [_thread_blocked, id=20960, stack(0x00000074d6400000,0x00000074d6500000) (1024K)]
  0x0000021182526f10 JavaThread "Finalizer"                  daemon [_thread_blocked, id=30152, stack(0x00000074d6500000,0x00000074d6600000) (1024K)]
  0x0000021182528030 JavaThread "Signal Dispatcher"          daemon [_thread_blocked, id=31020, stack(0x00000074d6600000,0x00000074d6700000) (1024K)]
  0x0000021182528dd0 JavaThread "Attach Listener"            daemon [_thread_blocked, id=27628, stack(0x00000074d6700000,0x00000074d6800000) (1024K)]
  0x000002118252ab90 JavaThread "Service Thread"             daemon [_thread_blocked, id=17712, stack(0x00000074d6800000,0x00000074d6900000) (1024K)]
  0x000002118252b5e0 JavaThread "Monitor Deflation Thread"   daemon [_thread_blocked, id=25944, stack(0x00000074d6900000,0x00000074d6a00000) (1024K)]
  0x000002118252c490 JavaThread "C2 CompilerThread0"         daemon [_thread_in_native, id=18720, stack(0x00000074d6a00000,0x00000074d6b00000) (1024K)]
  0x0000021182768090 JavaThread "C1 CompilerThread0"         daemon [_thread_blocked, id=12900, stack(0x00000074d6b00000,0x00000074d6c00000) (1024K)]
  0x00000211828dabe0 JavaThread "Notification Thread"        daemon [_thread_blocked, id=31604, stack(0x00000074d6c00000,0x00000074d6d00000) (1024K)]
  0x00000211828e5d20 JavaThread "Common-Cleaner"             daemon [_thread_blocked, id=3916, stack(0x00000074d6d00000,0x00000074d6e00000) (1024K)]
  0x00000211c86d9d10 JavaThread "C2 CompilerThread1"         daemon [_thread_in_native, id=21348, stack(0x00000074d6e00000,0x00000074d6f00000) (1024K)]
=>0x00000211c89d57a0 JavaThread "C2 CompilerThread2"         daemon [_thread_in_native, id=24928, stack(0x00000074d6f00000,0x00000074d7000000) (1024K)]
Total: 13

Other Threads:
  0x000002118250d0b0 VMThread "VM Thread"                           [id=18256, stack(0x00000074d6300000,0x00000074d6400000) (1024K)]
  0x00000211824f6c60 WatcherThread "VM Periodic Task Thread"        [id=28828, stack(0x00000074d6200000,0x00000074d6300000) (1024K)]
  0x00000211ded5d210 WorkerThread "GC Thread#0"                     [id=21108, stack(0x00000074d5d00000,0x00000074d5e00000) (1024K)]
  0x00000211c89d5350 WorkerThread "GC Thread#1"                     [id=30884, stack(0x00000074d7000000,0x00000074d7100000) (1024K)]
  0x00000211c8a839a0 WorkerThread "GC Thread#2"                     [id=28548, stack(0x00000074d7100000,0x00000074d7200000) (1024K)]
  0x00000211c8a83d40 WorkerThread "GC Thread#3"                     [id=31108, stack(0x00000074d7200000,0x00000074d7300000) (1024K)]
  0x00000211c8a840e0 WorkerThread "GC Thread#4"                     [id=4308, stack(0x00000074d7300000,0x00000074d7400000) (1024K)]
  0x00000211c88cf930 WorkerThread "GC Thread#5"                     [id=25284, stack(0x00000074d7400000,0x00000074d7500000) (1024K)]
  0x00000211c88cfcd0 WorkerThread "GC Thread#6"                     [id=20728, stack(0x00000074d7500000,0x00000074d7600000) (1024K)]
  0x00000211c88d0070 WorkerThread "GC Thread#7"                     [id=15112, stack(0x00000074d7600000,0x00000074d7700000) (1024K)]
  0x00000211ded6ad00 ConcurrentGCThread "G1 Main Marker"            [id=21088, stack(0x00000074d5e00000,0x00000074d5f00000) (1024K)]
  0x00000211ded6bea0 WorkerThread "G1 Conc#0"                       [id=7928, stack(0x00000074d5f00000,0x00000074d6000000) (1024K)]
  0x00000211823c5270 ConcurrentGCThread "G1 Refine#0"               [id=17760, stack(0x00000074d6000000,0x00000074d6100000) (1024K)]
  0x00000211823c5a90 ConcurrentGCThread "G1 Service"                [id=8480, stack(0x00000074d6100000,0x00000074d6200000) (1024K)]
Total: 14

Threads with active compile tasks:
C2 CompilerThread0     2772 1158       4       java.nio.HeapCharBuffer::<init> (23 bytes)
C1 CompilerThread0     2773 1170       3       org.codehaus.plexus.util.xml.pull.MXParser::require (443 bytes)
C2 CompilerThread1     2773 1167       4       org.codehaus.plexus.util.xml.pull.MXParser::nextImpl (1203 bytes)
C2 CompilerThread2     2773 1112       4       java.io.InputStreamReader::read (11 bytes)
Total: 4

VM state: not at safepoint (normal execution)

VM Mutex/Monitor currently owned by a thread: None

Heap address: 0x0000000684c00000, size: 6068 MB, Compressed Oops mode: Zero based, Oop shift amount: 3

CDS archive(s) mapped at: [0x0000021183000000-0x0000021183c90000-0x0000021183c90000), size 13172736, SharedBaseAddress: 0x0000021183000000, ArchiveRelocationMode: 1.
Compressed class space mapped at: 0x0000021184000000-0x00000211c4000000, reserved size: 1073741824
Narrow klass base: 0x0000021183000000, Narrow klass shift: 0, Narrow klass range: 0x100000000

GC Precious Log:
 CardTable entry size: 512
 Card Set container configuration: InlinePtr #cards 4 size 8 Array Of Cards #cards 32 size 80 Howl #buckets 8 coarsen threshold 7372 Howl Bitmap #cards 1024 size 144 coarsen threshold 921 Card regions per heap region 1 cards per card region 8192
 CPUs: 8 total, 8 available
 Memory: 24263M
 Large Page Support: Disabled
 NUMA Support: Disabled
 Compressed Oops: Enabled (Zero based)
 Heap Region Size: 4M
 Heap Min Capacity: 8M
 Heap Initial Capacity: 380M
 Heap Max Capacity: 6068M
 Pre-touch: Disabled
 Parallel Workers: 8
 Concurrent Workers: 2
 Concurrent Refinement Workers: 8
 Periodic GC: Disabled

Heap:
 garbage-first heap   total 389120K, used 3875K [0x0000000684c00000, 0x0000000800000000)
  region size 4096K, 2 young (8192K), 1 survivors (4096K)
 Metaspace       used 5736K, committed 5888K, reserved 1114112K
  class space    used 664K, committed 768K, reserved 1048576K

Heap Regions: E=young(eden), S=young(survivor), O=old, HS=humongous(starts), HC=humongous(continues), CS=collection set, F=free, TAMS=top-at-mark-start, PB=parsable bottom
|   0|0x0000000684c00000, 0x0000000684c00000, 0x0000000685000000|  0%| F|  |TAMS 0x0000000684c00000| PB 0x0000000684c00000| Untracked 
|   1|0x0000000685000000, 0x0000000685000000, 0x0000000685400000|  0%| F|  |TAMS 0x0000000685000000| PB 0x0000000685000000| Untracked 
|   2|0x0000000685400000, 0x0000000685400000, 0x0000000685800000|  0%| F|  |TAMS 0x0000000685400000| PB 0x0000000685400000| Untracked 
|   3|0x0000000685800000, 0x0000000685800000, 0x0000000685c00000|  0%| F|  |TAMS 0x0000000685800000| PB 0x0000000685800000| Untracked 
|   4|0x0000000685c00000, 0x0000000685c00000, 0x0000000686000000|  0%| F|  |TAMS 0x0000000685c00000| PB 0x0000000685c00000| Untracked 
|   5|0x0000000686000000, 0x0000000686000000, 0x0000000686400000|  0%| F|  |TAMS 0x0000000686000000| PB 0x0000000686000000| Untracked 
|   6|0x0000000686400000, 0x0000000686400000, 0x0000000686800000|  0%| F|  |TAMS 0x0000000686400000| PB 0x0000000686400000| Untracked 
|   7|0x0000000686800000, 0x0000000686800000, 0x0000000686c00000|  0%| F|  |TAMS 0x0000000686800000| PB 0x0000000686800000| Untracked 
|   8|0x0000000686c00000, 0x0000000686c00000, 0x0000000687000000|  0%| F|  |TAMS 0x0000000686c00000| PB 0x0000000686c00000| Untracked 
|   9|0x0000000687000000, 0x0000000687000000, 0x0000000687400000|  0%| F|  |TAMS 0x0000000687000000| PB 0x0000000687000000| Untracked 
|  10|0x0000000687400000, 0x0000000687400000, 0x0000000687800000|  0%| F|  |TAMS 0x0000000687400000| PB 0x0000000687400000| Untracked 
|  11|0x0000000687800000, 0x0000000687800000, 0x0000000687c00000|  0%| F|  |TAMS 0x0000000687800000| PB 0x0000000687800000| Untracked 
|  12|0x0000000687c00000, 0x0000000687c00000, 0x0000000688000000|  0%| F|  |TAMS 0x0000000687c00000| PB 0x0000000687c00000| Untracked 
|  13|0x0000000688000000, 0x0000000688000000, 0x0000000688400000|  0%| F|  |TAMS 0x0000000688000000| PB 0x0000000688000000| Untracked 
|  14|0x0000000688400000, 0x0000000688400000, 0x0000000688800000|  0%| F|  |TAMS 0x0000000688400000| PB 0x0000000688400000| Untracked 
|  15|0x0000000688800000, 0x0000000688800000, 0x0000000688c00000|  0%| F|  |TAMS 0x0000000688800000| PB 0x0000000688800000| Untracked 
|  16|0x0000000688c00000, 0x0000000688c00000, 0x0000000689000000|  0%| F|  |TAMS 0x0000000688c00000| PB 0x0000000688c00000| Untracked 
|  17|0x0000000689000000, 0x0000000689000000, 0x0000000689400000|  0%| F|  |TAMS 0x0000000689000000| PB 0x0000000689000000| Untracked 
|  18|0x0000000689400000, 0x0000000689400000, 0x0000000689800000|  0%| F|  |TAMS 0x0000000689400000| PB 0x0000000689400000| Untracked 
|  19|0x0000000689800000, 0x0000000689800000, 0x0000000689c00000|  0%| F|  |TAMS 0x0000000689800000| PB 0x0000000689800000| Untracked 
|  20|0x0000000689c00000, 0x0000000689c00000, 0x000000068a000000|  0%| F|  |TAMS 0x0000000689c00000| PB 0x0000000689c00000| Untracked 
|  21|0x000000068a000000, 0x000000068a000000, 0x000000068a400000|  0%| F|  |TAMS 0x000000068a000000| PB 0x000000068a000000| Untracked 
|  22|0x000000068a400000, 0x000000068a400000, 0x000000068a800000|  0%| F|  |TAMS 0x000000068a400000| PB 0x000000068a400000| Untracked 
|  23|0x000000068a800000, 0x000000068a800000, 0x000000068ac00000|  0%| F|  |TAMS 0x000000068a800000| PB 0x000000068a800000| Untracked 
|  24|0x000000068ac00000, 0x000000068ac00000, 0x000000068b000000|  0%| F|  |TAMS 0x000000068ac00000| PB 0x000000068ac00000| Untracked 
|  25|0x000000068b000000, 0x000000068b000000, 0x000000068b400000|  0%| F|  |TAMS 0x000000068b000000| PB 0x000000068b000000| Untracked 
|  26|0x000000068b400000, 0x000000068b400000, 0x000000068b800000|  0%| F|  |TAMS 0x000000068b400000| PB 0x000000068b400000| Untracked 
|  27|0x000000068b800000, 0x000000068b800000, 0x000000068bc00000|  0%| F|  |TAMS 0x000000068b800000| PB 0x000000068b800000| Untracked 
|  28|0x000000068bc00000, 0x000000068bc00000, 0x000000068c000000|  0%| F|  |TAMS 0x000000068bc00000| PB 0x000000068bc00000| Untracked 
|  29|0x000000068c000000, 0x000000068c000000, 0x000000068c400000|  0%| F|  |TAMS 0x000000068c000000| PB 0x000000068c000000| Untracked 
|  30|0x000000068c400000, 0x000000068c400000, 0x000000068c800000|  0%| F|  |TAMS 0x000000068c400000| PB 0x000000068c400000| Untracked 
|  31|0x000000068c800000, 0x000000068c800000, 0x000000068cc00000|  0%| F|  |TAMS 0x000000068c800000| PB 0x000000068c800000| Untracked 
|  32|0x000000068cc00000, 0x000000068cc00000, 0x000000068d000000|  0%| F|  |TAMS 0x000000068cc00000| PB 0x000000068cc00000| Untracked 
|  33|0x000000068d000000, 0x000000068d000000, 0x000000068d400000|  0%| F|  |TAMS 0x000000068d000000| PB 0x000000068d000000| Untracked 
|  34|0x000000068d400000, 0x000000068d400000, 0x000000068d800000|  0%| F|  |TAMS 0x000000068d400000| PB 0x000000068d400000| Untracked 
|  35|0x000000068d800000, 0x000000068d800000, 0x000000068dc00000|  0%| F|  |TAMS 0x000000068d800000| PB 0x000000068d800000| Untracked 
|  36|0x000000068dc00000, 0x000000068dc00000, 0x000000068e000000|  0%| F|  |TAMS 0x000000068dc00000| PB 0x000000068dc00000| Untracked 
|  37|0x000000068e000000, 0x000000068e000000, 0x000000068e400000|  0%| F|  |TAMS 0x000000068e000000| PB 0x000000068e000000| Untracked 
|  38|0x000000068e400000, 0x000000068e400000, 0x000000068e800000|  0%| F|  |TAMS 0x000000068e400000| PB 0x000000068e400000| Untracked 
|  39|0x000000068e800000, 0x000000068e800000, 0x000000068ec00000|  0%| F|  |TAMS 0x000000068e800000| PB 0x000000068e800000| Untracked 
|  40|0x000000068ec00000, 0x000000068ec00000, 0x000000068f000000|  0%| F|  |TAMS 0x000000068ec00000| PB 0x000000068ec00000| Untracked 
|  41|0x000000068f000000, 0x000000068f000000, 0x000000068f400000|  0%| F|  |TAMS 0x000000068f000000| PB 0x000000068f000000| Untracked 
|  42|0x000000068f400000, 0x000000068f400000, 0x000000068f800000|  0%| F|  |TAMS 0x000000068f400000| PB 0x000000068f400000| Untracked 
|  43|0x000000068f800000, 0x000000068f800000, 0x000000068fc00000|  0%| F|  |TAMS 0x000000068f800000| PB 0x000000068f800000| Untracked 
|  44|0x000000068fc00000, 0x000000068fc00000, 0x0000000690000000|  0%| F|  |TAMS 0x000000068fc00000| PB 0x000000068fc00000| Untracked 
|  45|0x0000000690000000, 0x0000000690000000, 0x0000000690400000|  0%| F|  |TAMS 0x0000000690000000| PB 0x0000000690000000| Untracked 
|  46|0x0000000690400000, 0x0000000690400000, 0x0000000690800000|  0%| F|  |TAMS 0x0000000690400000| PB 0x0000000690400000| Untracked 
|  47|0x0000000690800000, 0x0000000690800000, 0x0000000690c00000|  0%| F|  |TAMS 0x0000000690800000| PB 0x0000000690800000| Untracked 
|  48|0x0000000690c00000, 0x0000000690c00000, 0x0000000691000000|  0%| F|  |TAMS 0x0000000690c00000| PB 0x0000000690c00000| Untracked 
|  49|0x0000000691000000, 0x0000000691000000, 0x0000000691400000|  0%| F|  |TAMS 0x0000000691000000| PB 0x0000000691000000| Untracked 
|  50|0x0000000691400000, 0x0000000691400000, 0x0000000691800000|  0%| F|  |TAMS 0x0000000691400000| PB 0x0000000691400000| Untracked 
|  51|0x0000000691800000, 0x0000000691800000, 0x0000000691c00000|  0%| F|  |TAMS 0x0000000691800000| PB 0x0000000691800000| Untracked 
|  52|0x0000000691c00000, 0x0000000691c00000, 0x0000000692000000|  0%| F|  |TAMS 0x0000000691c00000| PB 0x0000000691c00000| Untracked 
|  53|0x0000000692000000, 0x0000000692000000, 0x0000000692400000|  0%| F|  |TAMS 0x0000000692000000| PB 0x0000000692000000| Untracked 
|  54|0x0000000692400000, 0x0000000692400000, 0x0000000692800000|  0%| F|  |TAMS 0x0000000692400000| PB 0x0000000692400000| Untracked 
|  55|0x0000000692800000, 0x0000000692800000, 0x0000000692c00000|  0%| F|  |TAMS 0x0000000692800000| PB 0x0000000692800000| Untracked 
|  56|0x0000000692c00000, 0x0000000692c00000, 0x0000000693000000|  0%| F|  |TAMS 0x0000000692c00000| PB 0x0000000692c00000| Untracked 
|  57|0x0000000693000000, 0x0000000693000000, 0x0000000693400000|  0%| F|  |TAMS 0x0000000693000000| PB 0x0000000693000000| Untracked 
|  58|0x0000000693400000, 0x0000000693400000, 0x0000000693800000|  0%| F|  |TAMS 0x0000000693400000| PB 0x0000000693400000| Untracked 
|  59|0x0000000693800000, 0x0000000693800000, 0x0000000693c00000|  0%| F|  |TAMS 0x0000000693800000| PB 0x0000000693800000| Untracked 
|  60|0x0000000693c00000, 0x0000000693c00000, 0x0000000694000000|  0%| F|  |TAMS 0x0000000693c00000| PB 0x0000000693c00000| Untracked 
|  61|0x0000000694000000, 0x0000000694000000, 0x0000000694400000|  0%| F|  |TAMS 0x0000000694000000| PB 0x0000000694000000| Untracked 
|  62|0x0000000694400000, 0x0000000694400000, 0x0000000694800000|  0%| F|  |TAMS 0x0000000694400000| PB 0x0000000694400000| Untracked 
|  63|0x0000000694800000, 0x0000000694800000, 0x0000000694c00000|  0%| F|  |TAMS 0x0000000694800000| PB 0x0000000694800000| Untracked 
|  64|0x0000000694c00000, 0x0000000694c00000, 0x0000000695000000|  0%| F|  |TAMS 0x0000000694c00000| PB 0x0000000694c00000| Untracked 
|  65|0x0000000695000000, 0x0000000695000000, 0x0000000695400000|  0%| F|  |TAMS 0x0000000695000000| PB 0x0000000695000000| Untracked 
|  66|0x0000000695400000, 0x0000000695400000, 0x0000000695800000|  0%| F|  |TAMS 0x0000000695400000| PB 0x0000000695400000| Untracked 
|  67|0x0000000695800000, 0x0000000695800000, 0x0000000695c00000|  0%| F|  |TAMS 0x0000000695800000| PB 0x0000000695800000| Untracked 
|  68|0x0000000695c00000, 0x0000000695c00000, 0x0000000696000000|  0%| F|  |TAMS 0x0000000695c00000| PB 0x0000000695c00000| Untracked 
|  69|0x0000000696000000, 0x0000000696000000, 0x0000000696400000|  0%| F|  |TAMS 0x0000000696000000| PB 0x0000000696000000| Untracked 
|  70|0x0000000696400000, 0x0000000696400000, 0x0000000696800000|  0%| F|  |TAMS 0x0000000696400000| PB 0x0000000696400000| Untracked 
|  71|0x0000000696800000, 0x0000000696800000, 0x0000000696c00000|  0%| F|  |TAMS 0x0000000696800000| PB 0x0000000696800000| Untracked 
|  72|0x0000000696c00000, 0x0000000696c00000, 0x0000000697000000|  0%| F|  |TAMS 0x0000000696c00000| PB 0x0000000696c00000| Untracked 
|  73|0x0000000697000000, 0x0000000697000000, 0x0000000697400000|  0%| F|  |TAMS 0x0000000697000000| PB 0x0000000697000000| Untracked 
|  74|0x0000000697400000, 0x0000000697400000, 0x0000000697800000|  0%| F|  |TAMS 0x0000000697400000| PB 0x0000000697400000| Untracked 
|  75|0x0000000697800000, 0x0000000697800000, 0x0000000697c00000|  0%| F|  |TAMS 0x0000000697800000| PB 0x0000000697800000| Untracked 
|  76|0x0000000697c00000, 0x0000000697c00000, 0x0000000698000000|  0%| F|  |TAMS 0x0000000697c00000| PB 0x0000000697c00000| Untracked 
|  77|0x0000000698000000, 0x0000000698000000, 0x0000000698400000|  0%| F|  |TAMS 0x0000000698000000| PB 0x0000000698000000| Untracked 
|  78|0x0000000698400000, 0x0000000698400000, 0x0000000698800000|  0%| F|  |TAMS 0x0000000698400000| PB 0x0000000698400000| Untracked 
|  79|0x0000000698800000, 0x0000000698800000, 0x0000000698c00000|  0%| F|  |TAMS 0x0000000698800000| PB 0x0000000698800000| Untracked 
|  80|0x0000000698c00000, 0x0000000698c00000, 0x0000000699000000|  0%| F|  |TAMS 0x0000000698c00000| PB 0x0000000698c00000| Untracked 
|  81|0x0000000699000000, 0x0000000699000000, 0x0000000699400000|  0%| F|  |TAMS 0x0000000699000000| PB 0x0000000699000000| Untracked 
|  82|0x0000000699400000, 0x0000000699400000, 0x0000000699800000|  0%| F|  |TAMS 0x0000000699400000| PB 0x0000000699400000| Untracked 
|  83|0x0000000699800000, 0x0000000699800000, 0x0000000699c00000|  0%| F|  |TAMS 0x0000000699800000| PB 0x0000000699800000| Untracked 
|  84|0x0000000699c00000, 0x0000000699c00000, 0x000000069a000000|  0%| F|  |TAMS 0x0000000699c00000| PB 0x0000000699c00000| Untracked 
|  85|0x000000069a000000, 0x000000069a000000, 0x000000069a400000|  0%| F|  |TAMS 0x000000069a000000| PB 0x000000069a000000| Untracked 
|  86|0x000000069a400000, 0x000000069a400000, 0x000000069a800000|  0%| F|  |TAMS 0x000000069a400000| PB 0x000000069a400000| Untracked 
|  87|0x000000069a800000, 0x000000069a800000, 0x000000069ac00000|  0%| F|  |TAMS 0x000000069a800000| PB 0x000000069a800000| Untracked 
|  88|0x000000069ac00000, 0x000000069ac00000, 0x000000069b000000|  0%| F|  |TAMS 0x000000069ac00000| PB 0x000000069ac00000| Untracked 
|  89|0x000000069b000000, 0x000000069b3c8e78, 0x000000069b400000| 94%| S|CS|TAMS 0x000000069b000000| PB 0x000000069b000000| Complete 
|  90|0x000000069b400000, 0x000000069b400000, 0x000000069b800000|  0%| F|  |TAMS 0x000000069b400000| PB 0x000000069b400000| Untracked 
|  91|0x000000069b800000, 0x000000069b800000, 0x000000069bc00000|  0%| F|  |TAMS 0x000000069b800000| PB 0x000000069b800000| Untracked 
|  92|0x000000069bc00000, 0x000000069bc00000, 0x000000069c000000|  0%| F|  |TAMS 0x000000069bc00000| PB 0x000000069bc00000| Untracked 
|  93|0x000000069c000000, 0x000000069c000000, 0x000000069c400000|  0%| F|  |TAMS 0x000000069c000000| PB 0x000000069c000000| Untracked 
|  94|0x000000069c400000, 0x000000069c800000, 0x000000069c800000|100%| E|  |TAMS 0x000000069c400000| PB 0x000000069c400000| Complete 

Card table byte_map: [0x00000211f8fe0000,0x00000211f9bc0000] _byte_map_base: 0x00000211f5bba000

Marking Bits: (CMBitMap*) 0x00000211ded5d810
 Bits: [0x00000211f9bc0000, 0x00000211ffa90000)

Polling page: 0x00000211deda0000

Metaspace:

Usage:
  Non-class:      4.96 MB used.
      Class:    665.09 KB used.
       Both:      5.61 MB used.

Virtual space:
  Non-class space:       64.00 MB reserved,       5.06 MB (  8%) committed,  1 nodes.
      Class space:        1.00 GB reserved,     768.00 KB ( <1%) committed,  1 nodes.
             Both:        1.06 GB reserved,       5.81 MB ( <1%) committed. 

Chunk freelists:
   Non-Class:  9.11 MB
       Class:  15.27 MB
        Both:  24.38 MB

MaxMetaspaceSize: unlimited
CompressedClassSpaceSize: 1.00 GB
Initial GC threshold: 21.00 MB
Current GC threshold: 21.00 MB
CDS: on
 - commit_granule_bytes: 65536.
 - commit_granule_words: 8192.
 - virtual_space_node_default_size: 8388608.
 - enlarge_chunks_in_place: 1.
 - use_allocation_guard: 0.


Internal statistics:

num_allocs_failed_limit: 0.
num_arena_births: 66.
num_arena_deaths: 0.
num_vsnodes_births: 2.
num_vsnodes_deaths: 0.
num_space_committed: 93.
num_space_uncommitted: 0.
num_chunks_returned_to_freelist: 0.
num_chunks_taken_from_freelist: 230.
num_chunk_merges: 0.
num_chunk_splits: 150.
num_chunks_enlarged: 119.
num_inconsistent_stats: 0.

CodeHeap 'non-profiled nmethods': size=120000Kb used=450Kb max_used=450Kb free=119549Kb
 bounds [0x00000211f0550000, 0x00000211f07c0000, 0x00000211f7a80000]
CodeHeap 'profiled nmethods': size=120000Kb used=2289Kb max_used=2289Kb free=117710Kb
 bounds [0x00000211e8a80000, 0x00000211e8cf0000, 0x00000211effb0000]
CodeHeap 'non-nmethods': size=5760Kb used=1492Kb max_used=1531Kb free=4267Kb
 bounds [0x00000211effb0000, 0x00000211f0220000, 0x00000211f0550000]
 total_blobs=1626 nmethods=1163 adapters=368
 compilation: enabled
              stopped_count=0, restarted_count=0
 full_count=0

Compilation events (20 events):
Event: 2.494 Thread 0x0000021182768090 1137       3       org.codehaus.plexus.util.xml.pull.MXParser::ensureElementsCapacity (265 bytes)
Event: 2.498 Thread 0x0000021182768090 nmethod 1137 0x00000211e8ca9190 code [0x00000211e8ca9400, 0x00000211e8caa4d8]
Event: 2.503 Thread 0x0000021182768090 1138   !   3       sun.nio.cs.StreamDecoder::read (78 bytes)
Event: 2.505 Thread 0x000002118252c490 nmethod 1131 0x00000211f05ad010 code [0x00000211f05ad200, 0x00000211f05ad550]
Event: 2.506 Thread 0x000002118252c490 1132       4       java.io.Reader::read (21 bytes)
Event: 2.506 Thread 0x0000021182768090 nmethod 1138 0x00000211e8caa790 code [0x00000211e8caaa20, 0x00000211e8cab8a0]
Event: 2.565 Thread 0x0000021182768090 1147       3       java.util.concurrent.locks.ReentrantLock$NonfairSync::initialTryLock (58 bytes)
Event: 2.566 Thread 0x0000021182768090 nmethod 1147 0x00000211e8cabd90 code [0x00000211e8cabf80, 0x00000211e8cac380]
Event: 2.566 Thread 0x0000021182768090 1146       3       java.util.concurrent.locks.AbstractQueuedSynchronizer::signalNext (34 bytes)
Event: 2.567 Thread 0x0000021182768090 nmethod 1146 0x00000211e8cac490 code [0x00000211e8cac680, 0x00000211e8cacb38]
Event: 2.581 Thread 0x0000021182768090 1152       3       org.eclipse.sisu.plexus.PlexusXmlScanner::TEXT (10 bytes)
Event: 2.582 Thread 0x0000021182768090 nmethod 1152 0x00000211e8cacd10 code [0x00000211e8cacf00, 0x00000211e8cad2b0]
Event: 2.590 Thread 0x0000021182768090 1153       3       java.lang.ThreadLocal::get (35 bytes)
Event: 2.591 Thread 0x0000021182768090 nmethod 1153 0x00000211e8cad490 code [0x00000211e8cad660, 0x00000211e8cad968]
Event: 2.591 Thread 0x0000021182768090 1154       3       jdk.internal.misc.CarrierThreadLocal::get (10 bytes)
Event: 2.592 Thread 0x0000021182768090 nmethod 1154 0x00000211e8cada90 code [0x00000211e8cadc60, 0x00000211e8cadf20]
Event: 2.592 Thread 0x0000021182768090 1155       3       java.lang.System$2::getCarrierThreadLocal (5 bytes)
Event: 2.592 Thread 0x0000021182768090 nmethod 1155 0x00000211e8cae010 code [0x00000211e8cae1c0, 0x00000211e8cae418]
Event: 2.594 Thread 0x0000021182768090 1156       3       org.codehaus.plexus.util.InterpolationFilterReader::read (477 bytes)
Event: 2.612 Thread 0x0000021182768090 nmethod 1156 0x00000211e8cae510 code [0x00000211e8caec60, 0x00000211e8cb3220]

GC Heap History (2 events):
Event: 2.519 GC heap before
{Heap before GC invocations=0 (full 0):
 garbage-first heap   total 389120K, used 20480K [0x0000000684c00000, 0x0000000800000000)
  region size 4096K, 5 young (20480K), 0 survivors (0K)
 Metaspace       used 5628K, committed 5824K, reserved 1114112K
  class space    used 645K, committed 768K, reserved 1048576K
}
Event: 2.563 GC heap after
{Heap after GC invocations=1 (full 0):
 garbage-first heap   total 389120K, used 3875K [0x0000000684c00000, 0x0000000800000000)
  region size 4096K, 1 young (4096K), 1 survivors (4096K)
 Metaspace       used 5628K, committed 5824K, reserved 1114112K
  class space    used 645K, committed 768K, reserved 1048576K
}

Dll operation events (8 events):
Event: 0.022 Loaded shared library C:\Program Files\Java\jdk-21\bin\java.dll
Event: 0.115 Loaded shared library C:\Program Files\Java\jdk-21\bin\jsvml.dll
Event: 0.159 Loaded shared library C:\Program Files\Java\jdk-21\bin\net.dll
Event: 0.164 Loaded shared library C:\Program Files\Java\jdk-21\bin\nio.dll
Event: 0.172 Loaded shared library C:\Program Files\Java\jdk-21\bin\zip.dll
Event: 0.542 Loaded shared library C:\apache-maven-3.9.9\lib\jansi-native\Windows\x86_64\jansi.dll
Event: 0.554 Loaded shared library C:\Program Files\Java\jdk-21\bin\jimage.dll
Event: 0.623 Loaded shared library C:\Program Files\Java\jdk-21\bin\verify.dll

Deoptimization events (20 events):
Event: 2.292 Thread 0x00000211decdf150 Uncommon trap: trap_request=0xffffff45 fr.pc=0x00000211f057d7e8 relative=0x00000000000000c8
Event: 2.292 Thread 0x00000211decdf150 Uncommon trap: reason=unstable_if action=reinterpret pc=0x00000211f057d7e8 method=org.codehaus.plexus.util.xml.pull.MXParser.more()C @ 8 c2
Event: 2.292 Thread 0x00000211decdf150 DEOPT PACKING pc=0x00000211f057d7e8 sp=0x00000074d5cfe470
Event: 2.292 Thread 0x00000211decdf150 DEOPT UNPACKING pc=0x00000211f0007da2 sp=0x00000074d5cfe400 mode 2
Event: 2.502 Thread 0x00000211decdf150 Uncommon trap: trap_request=0xffffff45 fr.pc=0x00000211f05aa234 relative=0x00000000000018d4
Event: 2.502 Thread 0x00000211decdf150 Uncommon trap: reason=unstable_if action=reinterpret pc=0x00000211f05aa234 method=java.nio.charset.CoderResult.isOverflow()Z @ 5 c2
Event: 2.502 Thread 0x00000211decdf150 DEOPT PACKING pc=0x00000211f05aa234 sp=0x00000074d5cfde50
Event: 2.502 Thread 0x00000211decdf150 DEOPT UNPACKING pc=0x00000211f0007da2 sp=0x00000074d5cfd9d0 mode 2
Event: 2.564 Thread 0x00000211825223b0 Uncommon trap: trap_request=0xffffff45 fr.pc=0x00000211f05a6c60 relative=0x0000000000000040
Event: 2.564 Thread 0x00000211825223b0 Uncommon trap: reason=unstable_if action=reinterpret pc=0x00000211f05a6c60 method=java.util.concurrent.locks.AbstractQueuedSynchronizer.signalNext(Ljava/util/concurrent/locks/AbstractQueuedSynchronizer$Node;)V @ 1 c2
Event: 2.564 Thread 0x00000211825223b0 DEOPT PACKING pc=0x00000211f05a6c60 sp=0x00000074d64ff230
Event: 2.564 Thread 0x00000211825223b0 DEOPT UNPACKING pc=0x00000211f0007da2 sp=0x00000074d64ff1c0 mode 2
Event: 2.564 Thread 0x00000211825223b0 Uncommon trap: trap_request=0xffffff45 fr.pc=0x00000211f05a70a0 relative=0x0000000000000180
Event: 2.564 Thread 0x00000211825223b0 Uncommon trap: reason=unstable_if action=reinterpret pc=0x00000211f05a70a0 method=java.util.concurrent.locks.ReentrantLock$NonfairSync.initialTryLock()Z @ 25 c2
Event: 2.564 Thread 0x00000211825223b0 DEOPT PACKING pc=0x00000211f05a70a0 sp=0x00000074d64ff210
Event: 2.565 Thread 0x00000211825223b0 DEOPT UNPACKING pc=0x00000211f0007da2 sp=0x00000074d64ff1b0 mode 2
Event: 2.573 Thread 0x00000211decdf150 Uncommon trap: trap_request=0xffffff45 fr.pc=0x00000211f05ad464 relative=0x0000000000000264
Event: 2.573 Thread 0x00000211decdf150 Uncommon trap: reason=unstable_if action=reinterpret pc=0x00000211f05ad464 method=java.io.Reader.read()I @ 12 c2
Event: 2.573 Thread 0x00000211decdf150 DEOPT PACKING pc=0x00000211f05ad464 sp=0x00000074d5cfe020
Event: 2.573 Thread 0x00000211decdf150 DEOPT UNPACKING pc=0x00000211f0007da2 sp=0x00000074d5cfdf30 mode 2

Classes loaded (20 events):
Event: 2.156 Loading class java/util/concurrent/TimeoutException
Event: 2.157 Loading class java/util/concurrent/TimeoutException done
Event: 2.157 Loading class java/util/concurrent/CancellationException
Event: 2.157 Loading class java/util/concurrent/CancellationException done
Event: 2.161 Loading class java/security/PrivilegedActionException
Event: 2.161 Loading class java/security/PrivilegedActionException done
Event: 2.162 Loading class sun/misc/Unsafe
Event: 2.162 Loading class sun/misc/Unsafe done
Event: 2.176 Loading class java/lang/invoke/DirectMethodHandle$StaticAccessor
Event: 2.176 Loading class java/lang/invoke/DirectMethodHandle$StaticAccessor done
Event: 2.197 Loading class java/lang/reflect/ParameterizedType
Event: 2.197 Loading class java/lang/reflect/ParameterizedType done
Event: 2.209 Loading class java/lang/reflect/WildcardType
Event: 2.209 Loading class java/lang/reflect/WildcardType done
Event: 2.227 Loading class sun/reflect/generics/tree/TypeVariableSignature
Event: 2.227 Loading class sun/reflect/generics/tree/TypeVariableSignature done
Event: 2.277 Loading class java/lang/annotation/IncompleteAnnotationException
Event: 2.277 Loading class java/lang/annotation/IncompleteAnnotationException done
Event: 2.508 Loading class java/lang/foreign/MemorySegment
Event: 2.508 Loading class java/lang/foreign/MemorySegment done

Classes unloaded (0 events):
No events

Classes redefined (0 events):
No events

Internal exceptions (20 events):
Event: 0.596 Thread 0x00000211decdf150 Exception <a 'java/lang/NullPointerException'{0x000000069c1799f8}> (0x000000069c1799f8) 
thrown [s\open\src\hotspot\share\interpreter\linkResolver.cpp, line 1372]
Event: 0.596 Thread 0x00000211decdf150 Exception <a 'java/lang/NullPointerException'{0x000000069c179cd8}> (0x000000069c179cd8) 
thrown [s\open\src\hotspot\share\interpreter\linkResolver.cpp, line 1372]
Event: 0.597 Thread 0x00000211decdf150 Exception <a 'java/lang/NullPointerException'{0x000000069c179fb8}> (0x000000069c179fb8) 
thrown [s\open\src\hotspot\share\interpreter\linkResolver.cpp, line 1372]
Event: 0.618 Thread 0x00000211decdf150 Exception <a 'sun/nio/fs/WindowsException'{0x000000069c20a9f8}> (0x000000069c20a9f8) 
thrown [s\open\src\hotspot\share\prims\jni.cpp, line 520]
Event: 0.619 Thread 0x00000211decdf150 Exception <a 'sun/nio/fs/WindowsException'{0x000000069c20b2c0}> (0x000000069c20b2c0) 
thrown [s\open\src\hotspot\share\prims\jni.cpp, line 520]
Event: 0.620 Thread 0x00000211decdf150 Exception <a 'sun/nio/fs/WindowsException'{0x000000069c20b948}> (0x000000069c20b948) 
thrown [s\open\src\hotspot\share\prims\jni.cpp, line 520]
Event: 0.620 Thread 0x00000211decdf150 Exception <a 'sun/nio/fs/WindowsException'{0x000000069c20bea0}> (0x000000069c20bea0) 
thrown [s\open\src\hotspot\share\prims\jni.cpp, line 520]
Event: 0.620 Thread 0x00000211decdf150 Exception <a 'sun/nio/fs/WindowsException'{0x000000069c20c360}> (0x000000069c20c360) 
thrown [s\open\src\hotspot\share\prims\jni.cpp, line 520]
Event: 0.663 Thread 0x00000211decdf150 Exception <a 'java/lang/NoSuchMethodError'{0x000000069c257880}: 'void java.lang.invoke.DirectMethodHandle$Holder.invokeStatic(java.lang.Object, java.lang.Object)'> (0x000000069c257880) 
thrown [s\open\src\hotspot\share\interpreter\linkResolver.cpp, line 773]
Event: 0.667 Thread 0x00000211decdf150 Exception <a 'java/lang/NoSuchMethodError'{0x000000069c25ac60}: 'void java.lang.invoke.DirectMethodHandle$Holder.invokeStaticInit(java.lang.Object, java.lang.Object)'> (0x000000069c25ac60) 
thrown [s\open\src\hotspot\share\interpreter\linkResolver.cpp, line 773]
Event: 0.720 Thread 0x00000211decdf150 Exception <a 'java/lang/NoSuchMethodError'{0x000000069c2a02d8}: 'void java.lang.invoke.DirectMethodHandle$Holder.invokeStatic(java.lang.Object, java.lang.Object, java.lang.Object)'> (0x000000069c2a02d8) 
thrown [s\open\src\hotspot\share\interpreter\linkResolver.cpp, line 773]
Event: 0.969 Thread 0x00000211decdf150 Exception <a 'java/lang/NoSuchMethodError'{0x000000069bc04c20}: 'java.lang.Object java.lang.invoke.DirectMethodHandle$Holder.invokeSpecialIFC(java.lang.Object, java.lang.Object, java.lang.Object, java.lang.Object)'> (0x000000069bc04c20) 
thrown [s\open\src\hotspot\share\interpreter\linkResolver.cpp, line 773]
Event: 1.675 Thread 0x00000211decdf150 Exception <a 'java/lang/NoSuchMethodError'{0x000000069b982290}: 'void java.lang.invoke.DirectMethodHandle$Holder.invokeSpecial(java.lang.Object, java.lang.Object, java.lang.Object)'> (0x000000069b982290) 
thrown [s\open\src\hotspot\share\interpreter\linkResolver.cpp, line 773]
Event: 1.790 Thread 0x00000211decdf150 Exception <a 'java/lang/NoSuchMethodError'{0x000000069bac7f08}: 'java.lang.Object java.lang.invoke.DirectMethodHandle$Holder.invokeInterface(java.lang.Object, java.lang.Object)'> (0x000000069bac7f08) 
thrown [s\open\src\hotspot\share\interpreter\linkResolver.cpp, line 773]
Event: 1.834 Thread 0x00000211decdf150 Exception <a 'java/lang/NoSuchMethodError'{0x000000069bb5e588}: 'int java.lang.invoke.DirectMethodHandle$Holder.invokeStatic(java.lang.Object, java.lang.Object, java.lang.Object, java.lang.Object)'> (0x000000069bb5e588) 
thrown [s\open\src\hotspot\share\interpreter\linkResolver.cpp, line 773]
Event: 1.836 Thread 0x00000211decdf150 Exception <a 'java/lang/NoSuchMethodError'{0x000000069bb61e80}: 'java.lang.Object java.lang.invoke.Invokers$Holder.invokeExact_MT(java.lang.Object, java.lang.Object, java.lang.Object, java.lang.Object, java.lang.Object, java.lang.Object)'> (0x000000069bb61e80) 
thrown [s\open\src\hotspot\share\interpreter\linkResolver.cpp, line 773]
Event: 1.844 Thread 0x00000211decdf150 Exception <a 'java/lang/NoSuchMethodError'{0x000000069bb70530}: 'int java.lang.invoke.DirectMethodHandle$Holder.invokeSpecialIFC(java.lang.Object, java.lang.Object, java.lang.Object, java.lang.Object, java.lang.Object)'> (0x000000069bb70530) 
thrown [s\open\src\hotspot\share\interpreter\linkResolver.cpp, line 773]
Event: 2.056 Thread 0x00000211decdf150 Exception <a 'java/lang/NoSuchMethodError'{0x000000069b4ee4e8}: 'java.lang.Object java.lang.invoke.DirectMethodHandle$Holder.newInvokeSpecial(java.lang.Object, java.lang.Object, java.lang.Object, java.lang.Object, java.lang.Object)'> (0x000000069b4ee4e8) 
thrown [s\open\src\hotspot\share\interpreter\linkResolver.cpp, line 773]
Event: 2.248 Thread 0x00000211decdf150 Exception <a 'java/lang/NoSuchMethodError'{0x000000069b5e95d8}: 'int java.lang.invoke.DirectMethodHandle$Holder.invokeStaticInit(java.lang.Object, java.lang.Object)'> (0x000000069b5e95d8) 
thrown [s\open\src\hotspot\share\interpreter\linkResolver.cpp, line 773]
Event: 2.278 Thread 0x00000211decdf150 Exception <a 'java/lang/NoClassDefFoundError'{0x000000069b61e5a0}: javax/enterprise/inject/Typed> (0x000000069b61e5a0) 
thrown [s\open\src\hotspot\share\classfile\systemDictionary.cpp, line 301]

ZGC Phase Switch (0 events):
No events

VM Operations (10 events):
Event: 0.174 Executing VM operation: HandshakeAllThreads (Deoptimize)
Event: 0.174 Executing VM operation: HandshakeAllThreads (Deoptimize) done
Event: 0.512 Executing VM operation: HandshakeAllThreads (Deoptimize)
Event: 0.512 Executing VM operation: HandshakeAllThreads (Deoptimize) done
Event: 0.563 Executing VM operation: HandshakeAllThreads (Deoptimize)
Event: 0.564 Executing VM operation: HandshakeAllThreads (Deoptimize) done
Event: 1.564 Executing VM operation: Cleanup
Event: 1.565 Executing VM operation: Cleanup done
Event: 2.519 Executing VM operation: G1CollectForAllocation (G1 Evacuation Pause)
Event: 2.564 Executing VM operation: G1CollectForAllocation (G1 Evacuation Pause) done

Events (15 events):
Event: 0.061 Thread 0x00000211decdf150 Thread added: 0x00000211decdf150
Event: 0.108 Thread 0x00000211825223b0 Thread added: 0x00000211825223b0
Event: 0.108 Thread 0x0000021182526f10 Thread added: 0x0000021182526f10
Event: 0.109 Thread 0x0000021182528030 Thread added: 0x0000021182528030
Event: 0.109 Thread 0x0000021182528dd0 Thread added: 0x0000021182528dd0
Event: 0.109 Thread 0x000002118252ab90 Thread added: 0x000002118252ab90
Event: 0.109 Thread 0x000002118252b5e0 Thread added: 0x000002118252b5e0
Event: 0.109 Thread 0x000002118252c490 Thread added: 0x000002118252c490
Event: 0.110 Thread 0x0000021182768090 Thread added: 0x0000021182768090
Event: 0.146 Thread 0x00000211828dabe0 Thread added: 0x00000211828dabe0
Event: 0.152 Thread 0x00000211828e5d20 Thread added: 0x00000211828e5d20
Event: 0.536 Thread 0x00000211c8150320 Thread added: 0x00000211c8150320
Event: 0.585 Thread 0x00000211c8150320 Thread exited: 0x00000211c8150320
Event: 2.380 Thread 0x00000211c86d9d10 Thread added: 0x00000211c86d9d10
Event: 2.425 Thread 0x00000211c89d57a0 Thread added: 0x00000211c89d57a0


Dynamic libraries:
0x00007ff7d62b0000 - 0x00007ff7d62c0000 	C:\Program Files\Java\jdk-21\bin\java.exe
0x00007ff8283c0000 - 0x00007ff828627000 	C:\WINDOWS\SYSTEM32\ntdll.dll
0x00007ff8271e0000 - 0x00007ff8272a9000 	C:\WINDOWS\System32\KERNEL32.DLL
0x00007ff825cb0000 - 0x00007ff82609f000 	C:\WINDOWS\System32\KERNELBASE.dll
0x00007ff825b60000 - 0x00007ff825cab000 	C:\WINDOWS\System32\ucrtbase.dll
0x00007fff826e0000 - 0x00007fff826f9000 	C:\Program Files\Java\jdk-21\bin\jli.dll
0x00007fff8b280000 - 0x00007fff8b29b000 	C:\Program Files\Java\jdk-21\bin\VCRUNTIME140.dll
0x00007ff827120000 - 0x00007ff8271d4000 	C:\WINDOWS\System32\ADVAPI32.dll
0x00007ff8276f0000 - 0x00007ff827799000 	C:\WINDOWS\System32\msvcrt.dll
0x00007ff828210000 - 0x00007ff8282b6000 	C:\WINDOWS\System32\sechost.dll
0x00007ff8280f0000 - 0x00007ff828208000 	C:\WINDOWS\System32\RPCRT4.dll
0x00007ff827450000 - 0x00007ff827615000 	C:\WINDOWS\System32\USER32.dll
0x00007ff807ff0000 - 0x00007ff808283000 	C:\WINDOWS\WinSxS\amd64_microsoft.windows.common-controls_6595b64144ccf1df_6.0.26100.7309_none_3e05feeae336a044\COMCTL32.dll
0x00007ff825700000 - 0x00007ff825727000 	C:\WINDOWS\System32\win32u.dll
0x00007ff8276c0000 - 0x00007ff8276eb000 	C:\WINDOWS\System32\GDI32.dll
0x00007ff825510000 - 0x00007ff82563c000 	C:\WINDOWS\System32\gdi32full.dll
0x00007ff8258a0000 - 0x00007ff825943000 	C:\WINDOWS\System32\msvcp_win.dll
0x00007ff819e90000 - 0x00007ff819e9b000 	C:\WINDOWS\SYSTEM32\VERSION.dll
0x00007ff827410000 - 0x00007ff827441000 	C:\WINDOWS\System32\IMM32.DLL
0x00007ffff38e0000 - 0x00007ffff38ec000 	C:\Program Files\Java\jdk-21\bin\vcruntime140_1.dll
0x00007fff57b40000 - 0x00007fff57bce000 	C:\Program Files\Java\jdk-21\bin\msvcp140.dll
0x00007fff43c20000 - 0x00007fff4493d000 	C:\Program Files\Java\jdk-21\bin\server\jvm.dll
0x00007ff827390000 - 0x00007ff827404000 	C:\WINDOWS\System32\WS2_32.dll
0x00007ff825390000 - 0x00007ff8253ee000 	C:\WINDOWS\SYSTEM32\POWRPROF.dll
0x00007ff80d7e0000 - 0x00007ff80d815000 	C:\WINDOWS\SYSTEM32\WINMM.dll
0x00007ff825370000 - 0x00007ff825384000 	C:\WINDOWS\SYSTEM32\UMPDC.dll
0x00007ff824290000 - 0x00007ff8242ab000 	C:\WINDOWS\SYSTEM32\kernel.appcore.dll
0x00007ffff1d00000 - 0x00007ffff1d0a000 	C:\Program Files\Java\jdk-21\bin\jimage.dll
0x00007ff822e50000 - 0x00007ff823092000 	C:\WINDOWS\SYSTEM32\DBGHELP.DLL
0x00007ff826d90000 - 0x00007ff827115000 	C:\WINDOWS\System32\combase.dll
0x00007ff8272b0000 - 0x00007ff827386000 	C:\WINDOWS\System32\OLEAUT32.dll
0x00007ff8061c0000 - 0x00007ff8061fc000 	C:\WINDOWS\SYSTEM32\dbgcore.DLL
0x00007ff8260b0000 - 0x00007ff826155000 	C:\WINDOWS\System32\bcryptPrimitives.dll
0x00007fff82630000 - 0x00007fff8264f000 	C:\Program Files\Java\jdk-21\bin\java.dll
0x00007ff827970000 - 0x00007ff8280c3000 	C:\WINDOWS\System32\SHELL32.dll
0x00007ff825730000 - 0x00007ff82589a000 	C:\WINDOWS\System32\wintypes.dll
0x00007ff8230f0000 - 0x00007ff82394e000 	C:\WINDOWS\SYSTEM32\windows.storage.dll
0x00007ff826760000 - 0x00007ff826855000 	C:\WINDOWS\System32\SHCORE.dll
0x00007ff8277a0000 - 0x00007ff827806000 	C:\WINDOWS\System32\shlwapi.dll
0x00007ff825430000 - 0x00007ff825459000 	C:\WINDOWS\SYSTEM32\profapi.dll
0x00007fff4f4b0000 - 0x00007fff4f587000 	C:\Program Files\Java\jdk-21\bin\jsvml.dll
0x00007ffff17f0000 - 0x00007ffff1800000 	C:\Program Files\Java\jdk-21\bin\net.dll
0x00007ff818770000 - 0x00007ff818898000 	C:\WINDOWS\SYSTEM32\WINHTTP.dll
0x00007ff824810000 - 0x00007ff82487b000 	C:\WINDOWS\system32\mswsock.dll
0x00007fff7e6e0000 - 0x00007fff7e6f6000 	C:\Program Files\Java\jdk-21\bin\nio.dll
0x00007fff7c480000 - 0x00007fff7c498000 	C:\Program Files\Java\jdk-21\bin\zip.dll
0x00007fff7c120000 - 0x00007fff7c144000 	C:\apache-maven-3.9.9\lib\jansi-native\Windows\x86_64\jansi.dll
0x00007fffecfe0000 - 0x00007fffecff0000 	C:\Program Files\Java\jdk-21\bin\verify.dll

dbghelp: loaded successfully - version: 4.0.5 - missing functions: none
symbol engine: initialized successfully - sym options: 0x614 - pdb path: .;C:\Program Files\Java\jdk-21\bin;C:\WINDOWS\SYSTEM32;C:\WINDOWS\WinSxS\amd64_microsoft.windows.common-controls_6595b64144ccf1df_6.0.26100.7309_none_3e05feeae336a044;C:\Program Files\Java\jdk-21\bin\server;C:\apache-maven-3.9.9\lib\jansi-native\Windows\x86_64

VM Arguments:
jvm_args: -Dclassworlds.conf=C:\apache-maven-3.9.9\bin\m2.conf -Dmaven.home=C:\apache-maven-3.9.9 -Dlibrary.jansi.path=C:\apache-maven-3.9.9\lib\jansi-native -Dmaven.multiModuleProjectDirectory=D:\ProjectJava\EV-Co-ownership-Cost-sharing-System-anh\EV-Co-ownership-Cost-sharing-System-anh\api-gateway 
java_command: org.codehaus.plexus.classworlds.launcher.Launcher clean package -DskipTests
java_class_path (initial): C:\apache-maven-3.9.9\boot\plexus-classworlds-2.8.0.jar
Launcher Type: SUN_STANDARD

[Global flags]
     intx CICompilerCount                          = 4                                         {product} {ergonomic}
     uint ConcGCThreads                            = 2                                         {product} {ergonomic}
     uint G1ConcRefinementThreads                  = 8                                         {product} {ergonomic}
   size_t G1HeapRegionSize                         = 4194304                                   {product} {ergonomic}
    uintx GCDrainStackTargetSize                   = 64                                        {product} {ergonomic}
   size_t InitialHeapSize                          = 398458880                                 {product} {ergonomic}
   size_t MarkStackSize                            = 4194304                                   {product} {ergonomic}
   size_t MaxHeapSize                              = 6362759168                                {product} {ergonomic}
   size_t MaxNewSize                               = 3816816640                                {product} {ergonomic}
   size_t MinHeapDeltaBytes                        = 4194304                                   {product} {ergonomic}
   size_t MinHeapSize                              = 8388608                                   {product} {ergonomic}
    uintx NonNMethodCodeHeapSize                   = 5839372                                {pd product} {ergonomic}
    uintx NonProfiledCodeHeapSize                  = 122909434                              {pd product} {ergonomic}
    uintx ProfiledCodeHeapSize                     = 122909434                              {pd product} {ergonomic}
    uintx ReservedCodeCacheSize                    = 251658240                              {pd product} {ergonomic}
     bool SegmentedCodeCache                       = true                                      {product} {ergonomic}
   size_t SoftMaxHeapSize                          = 6362759168                             {manageable} {ergonomic}
     bool UseCompressedOops                        = true                           {product lp64_product} {ergonomic}
     bool UseG1GC                                  = true                                      {product} {ergonomic}
     bool UseLargePagesIndividualAllocation        = false                                  {pd product} {ergonomic}

Logging:
Log output configuration:
 #0: stdout all=warning uptime,level,tags foldmultilines=false
 #1: stderr all=off uptime,level,tags foldmultilines=false

Environment Variables:
JAVA_HOME=C:\Program Files\Java\jdk-21
PATH=C:\Program Files\Java\jdk-23\bin;C:\Program Files\Java\jdk-17\bin;C:\Program Files\Microsoft MPI\Bin\;C:\Program Files\Python312\Scripts\;C:\Program Files\Java\jdk-21\bin;C:\Program Files\Common Files\Oracle\Java\javapath;C:\Program Files\Python312\;C:\WINDOWS\system32;C:\WINDOWS;C:\WINDOWS\System32\Wbem;C:\WINDOWS\System32\WindowsPowerShell\v1.0\;C:\WINDOWS\System32\OpenSSH\;C:\msys64\mingw32\bin;C:\Program Files\Microsoft SQL Server\Client SDK\ODBC\170\Tools\Binn\;C:\Program Files\HP\HP One Agent;D:\Program Files\Git\cmd;C:\Program Files\TortoiseGit\bin;C:\Program Files\dotnet\;C:\Program Files (x86)\Microsoft SQL Server\160\Tools\Binn\;C:\Program Files\Microsoft SQL Server\160\Tools\Binn\;C:\Program Files\Microsoft SQL Server\160\DTS\Binn\;C:\Program Files (x86)\Microsoft SQL Server\160\DTS\Binn\;C:\Program Files\Microsoft SQL Server\150\Tools\Binn\;C:\apache-maven-3.9.9\bin;C:\WINDOWS\system32;C:\WINDOWS;C:\WINDOWS\System32\Wbem;C:\WINDOWS\System32\WindowsPowerShell\v1.0\;C:\WINDOWS\System32\OpenSSH\;C:\Program Files\Docker\Docker\resources\bin;C:\Program Files\Java\jdk-21\bin;C:\Python\Python382\Scripts\;C:\Python\Python382\;C:\msys64\mingw32\bin;C:\msys64\ucrt64\bin;C:\Users\HP\AppData\Local\Programs\Microsoft VS Code\bin;C:\Users\HP\.dotnet\tools;D:\JetBrains\IntelliJ IDEA 2024.3.3\bin;;C:\Program Files\Java\jdk-21\bin;D:\Clion\CLion 2025.1\bin;;C:\Users\HP\AppData\Local\Microsoft\WindowsApps;C:\msys64\ucrt64\bin;D:\Antigravity\bin;c:\Users\HP\.antigravity\extensions\vscjava.vscode-java-debug-0.58.5-universal\bundled\scripts\noConfigScripts
USERNAME=HP
LANG=en_US.UTF-8
OS=Windows_NT
PROCESSOR_IDENTIFIER=Intel64 Family 6 Model 126 Stepping 5, GenuineIntel
TMP=C:\Users\HP\AppData\Local\Temp
TEMP=C:\Users\HP\AppData\Local\Temp




Periodic native trim disabled

---------------  S Y S T E M  ---------------

OS:
 Windows 11 , 64 bit Build 26100 (10.0.26100.7309)
OS uptime: 4 days 22:51 hours
Hyper-V role detected

CPU: total 8 (initial active 8) (4 cores per cpu, 2 threads per core) family 6 model 126 stepping 5 microcode 0xbc, cx8, cmov, fxsr, ht, mmx, 3dnowpref, sse, sse2, sse3, ssse3, sse4.1, sse4.2, popcnt, lzcnt, tsc, tscinvbit, avx, avx2, aes, erms, clmul, bmi1, bmi2, adx, avx512f, avx512dq, avx512cd, avx512bw, avx512vl, sha, fma, vzeroupper, avx512_vpopcntdq, avx512_vpclmulqdq, avx512_vaes, avx512_vnni, clflush, clflushopt, avx512_vbmi2, avx512_vbmi, hv, rdtscp, rdpid, fsrm, gfni, avx512_bitalg, f16c, avx512_ifma
Processor Information for all 8 processors :
  Max Mhz: 1201, Current Mhz: 400, Mhz Limit: 1201

Memory: 4k page, system-wide physical 24263M (2432M free)
TotalPageFile size 29565M (AvailPageFile size 7M)
current process WorkingSet (physical memory assigned to process): 91M, peak: 93M
current process commit charge ("private bytes"): 494M, peak: 495M

vm_info: Java HotSpot(TM) 64-Bit Server VM (21.0.8+12-LTS-250) for windows-amd64 JRE (21.0.8+12-LTS-250), built on 2025-06-27T08:11:22Z by "mach5one" with MS VC++ 17.6 (VS2022)

END.
